<?xml version="1.0" encoding="UTF-8"?>
<robot generator="Robot 4.0.3 (Python 3.7.4 on win32)" generated="20220915 21:59:50.804" rpa="false" schemaversion="2">
<suite id="s1" name="01 Test Sauce Labs" source="C:\Users\aksha\RobotFrameworkAutomation\TestSuites\01_Test_Sauce_Labs.robot">
<test id="s1-t1" name="Login To Web Application And Check Title">
<kw name="Start Test Environment" library="Login">
<doc>Login To Web Application
Steps To Be Performed:
- Open Browser with the given web url
- Maximize the Browser
- Enter Username
- Enter Password
- Click On Login Button</doc>
<kw name="Open Browser" library="SeleniumLibrary">
<arg>${web_url}</arg>
<arg>${browser}</arg>
<arg>options=add_argument("--headless")</arg>
<doc>Opens a new browser instance to the optional ``url``.</doc>
<msg timestamp="20220915 21:59:51.532" level="INFO">Opening browser 'chrome' to base url 'https://www.saucedemo.com/'.</msg>
<status status="PASS" starttime="20220915 21:59:51.531" endtime="20220915 21:59:59.652"/>
</kw>
<kw name="Maximize Browser Window" library="SeleniumLibrary">
<doc>Maximizes current browser window.</doc>
<status status="PASS" starttime="20220915 21:59:59.652" endtime="20220915 21:59:59.769"/>
</kw>
<kw name="Input Text" library="SeleniumLibrary">
<arg>${Login.txt_username}</arg>
<arg>${username}</arg>
<doc>Types the given ``text`` into the text field identified by ``locator``.</doc>
<msg timestamp="20220915 21:59:59.769" level="INFO">Typing text 'standard_user' into text field 'id=user-name'.</msg>
<status status="PASS" starttime="20220915 21:59:59.769" endtime="20220915 21:59:59.958"/>
</kw>
<kw name="Input Text" library="SeleniumLibrary">
<arg>${Login.txt_password}</arg>
<arg>${password}</arg>
<doc>Types the given ``text`` into the text field identified by ``locator``.</doc>
<msg timestamp="20220915 21:59:59.960" level="INFO">Typing text 'secret_sauce' into text field 'id=password'.</msg>
<status status="PASS" starttime="20220915 21:59:59.959" endtime="20220915 22:00:00.087"/>
</kw>
<kw name="Click Element" library="SeleniumLibrary">
<arg>${Login.btn_login}</arg>
<doc>Click the element identified by ``locator``.</doc>
<msg timestamp="20220915 22:00:00.088" level="INFO">Clicking element 'id=login-button'.</msg>
<status status="PASS" starttime="20220915 22:00:00.087" endtime="20220915 22:00:00.220"/>
</kw>
<status status="PASS" starttime="20220915 21:59:51.531" endtime="20220915 22:00:00.221"/>
</kw>
<kw name="Title Should Be" library="SeleniumLibrary">
<arg>${title}</arg>
<doc>Verifies that the current page title equals ``title``.</doc>
<msg timestamp="20220915 22:00:00.230" level="INFO">Page title is 'Swag Labs'.</msg>
<status status="PASS" starttime="20220915 22:00:00.221" endtime="20220915 22:00:00.230"/>
</kw>
<tag>Login</tag>
<status status="PASS" starttime="20220915 21:59:51.529" endtime="20220915 22:00:00.231"/>
</test>
<kw name="Close Browser" library="SeleniumLibrary" type="TEARDOWN">
<doc>Closes the current browser.</doc>
<status status="PASS" starttime="20220915 22:00:00.339" endtime="20220915 22:00:02.704"/>
</kw>
<status status="PASS" starttime="20220915 21:59:50.811" endtime="20220915 22:00:02.704"/>
</suite>
<statistics>
<total>
<stat pass="1" fail="0" skip="0">All Tests</stat>
</total>
<tag>
<stat pass="1" fail="0" skip="0">Login</stat>
</tag>
<suite>
<stat pass="1" fail="0" skip="0" id="s1" name="01 Test Sauce Labs">01 Test Sauce Labs</stat>
</suite>
</statistics>
<errors>
</errors>
</robot>
